<?xml version="1.0" encoding="UTF-8"?>
<testng-results ignored="0" total="1" passed="1" failed="0" skipped="0">
  <reporter-output>
  </reporter-output>
  <suite started-at="2025-11-10T15:07:22 IST" name="LoginSuite" finished-at="2025-11-10T15:07:27 IST" duration-ms="4764">
    <groups>
    </groups>
    <test started-at="2025-11-10T15:07:22 IST" name="LoginTests" finished-at="2025-11-10T15:07:27 IST" duration-ms="4764">
      <class name="tests.LoginTest">
        <test-method is-config="true" signature="setup()[pri:0, instance:tests.LoginTest@4d5d943d]" started-at="2025-11-10T15:07:22 IST" name="setup" finished-at="2025-11-10T15:07:25 IST" duration-ms="3398" status="PASS">
          <reporter-output>
          </reporter-output>
        </test-method> <!-- setup -->
        <test-method signature="testValidLogin()[pri:0, instance:tests.LoginTest@4d5d943d]" started-at="2025-11-10T15:07:25 IST" name="testValidLogin" finished-at="2025-11-10T15:07:26 IST" duration-ms="1083" status="PASS">
          <reporter-output>
          </reporter-output>
        </test-method> <!-- testValidLogin -->
        <test-method is-config="true" signature="tearDown()[pri:0, instance:tests.LoginTest@4d5d943d]" started-at="2025-11-10T15:07:26 IST" name="tearDown" finished-at="2025-11-10T15:07:27 IST" duration-ms="227" status="PASS">
          <reporter-output>
          </reporter-output>
        </test-method> <!-- tearDown -->
      </class> <!-- tests.LoginTest -->
    </test> <!-- LoginTests -->
  </suite> <!-- LoginSuite -->
</testng-results>
